 _____________________________________
|                                    |
| ....... 'RID' LANGUAGE ........    |
|    _____    _______    _____       |
|   ||   \\    || ||    ||    \\     |
|   ||    \\   || ||    ||     \\    |
|   || ___//   || ||    ||      \\   |
|   ||  \\     || ||    ||      //   |
|   ||   \\    || ||    ||     //    |
| __||__  \\___||_||____||____//     |
|                                    |
|  ..ALGONQUIN COLLEGE - 2022F ..    |
|____________________________________|

[Option 'R': Starting READER .....]

Reading file INPUT0_Empty.de ....Please wait

Printing buffer parameters:

The capacity of the buffer is:  250
The current size of the buffer is:  0
The operational mode of the buffer is: f
The increment factor of the buffer is: 0
The first symbol in the buffer is:  
The value of the flags field is: 04
Number of different chars read: 0

Printing buffer contents:

Empty buffer
