 _________________________________ 
|                                 |
| ....... 'BOA' LANGUAGE ........ |
|     __    __    __    __        |
|    /  \  /  \  /  \  /  \       |
| __/  __\/  __\/  __\/  __\__    |
| _/  /__/  /__/  /__/  /_____|   |
|  \_/ \   / \   / \   / \  \___  |
|       \_/   \_/   \_/   \___o_> |
|                                 |
| .. ALGONQUIN COLLEGE - 2022F .. |
|_________________________________|

[Option 'R': Starting READER .....]

Reading file INPUT3_Factorial.de ....Please wait

Printing buffer parameters:

The capacity of the buffer is:  250
Current buffer size **************** 0
The current size of the buffer is:  0
The operational mode of the buffer is: f
Current increment size **************** 0
The increment factor of the buffer is:  0
Current buffer size **************** 0
The first symbol in the buffer is:   
The value of the flags field is: 04
Number of different chars read: 0

Printing buffer contents:

Empty buffer
